{"C:\\Users\\Admin\\Git-Projects\\NodeJS-RestAPI\\app.js": {"path":"C:\\Users\\Admin\\Git-Projects\\NodeJS-RestAPI\\app.js","statementMap":{"0":{"start":{"line":2,"column":16},"end":{"line":2,"column":34}},"1":{"start":{"line":3,"column":12},"end":{"line":3,"column":21}},"2":{"start":{"line":4,"column":19},"end":{"line":4,"column":41}},"3":{"start":{"line":5,"column":13},"end":{"line":5,"column":17}},"4":{"start":{"line":6,"column":22},"end":{"line":6,"column":25}},"5":{"start":{"line":7,"column":21},"end":{"line":7,"column":24}},"6":{"start":{"line":8,"column":21},"end":{"line":8,"column":24}},"7":{"start":{"line":9,"column":25},"end":{"line":9,"column":28}},"8":{"start":{"line":12,"column":18},"end":{"line":12,"column":33}},"9":{"start":{"line":13,"column":11},"end":{"line":13,"column":26}},"10":{"start":{"line":16,"column":12},"end":{"line":16,"column":23}},"11":{"start":{"line":17,"column":14},"end":{"line":17,"column":30}},"12":{"start":{"line":20,"column":0},"end":{"line":20,"column":27}},"13":{"start":{"line":21,"column":0},"end":{"line":25,"column":2}},"14":{"start":{"line":28,"column":0},"end":{"line":38,"column":2}},"15":{"start":{"line":30,"column":19},"end":{"line":35,"column":5}},"16":{"start":{"line":37,"column":4},"end":{"line":37,"column":19}},"17":{"start":{"line":42,"column":0},"end":{"line":65,"column":3}},"18":{"start":{"line":45,"column":4},"end":{"line":45,"column":45}},"19":{"start":{"line":48,"column":18},"end":{"line":48,"column":101}},"20":{"start":{"line":51,"column":4},"end":{"line":63,"column":7}},"21":{"start":{"line":54,"column":8},"end":{"line":54,"column":56}},"22":{"start":{"line":54,"column":17},"end":{"line":54,"column":56}},"23":{"start":{"line":57,"column":8},"end":{"line":57,"column":47}},"24":{"start":{"line":60,"column":8},"end":{"line":60,"column":58}},"25":{"start":{"line":61,"column":8},"end":{"line":61,"column":41}},"26":{"start":{"line":68,"column":0},"end":{"line":99,"column":3}},"27":{"start":{"line":71,"column":4},"end":{"line":71,"column":41}},"28":{"start":{"line":74,"column":17},"end":{"line":74,"column":30}},"29":{"start":{"line":76,"column":25},"end":{"line":82,"column":5}},"30":{"start":{"line":85,"column":4},"end":{"line":97,"column":7}},"31":{"start":{"line":88,"column":8},"end":{"line":88,"column":56}},"32":{"start":{"line":88,"column":17},"end":{"line":88,"column":56}},"33":{"start":{"line":91,"column":8},"end":{"line":91,"column":54}},"34":{"start":{"line":94,"column":8},"end":{"line":94,"column":67}},"35":{"start":{"line":95,"column":8},"end":{"line":95,"column":48}},"36":{"start":{"line":102,"column":0},"end":{"line":131,"column":3}},"37":{"start":{"line":105,"column":4},"end":{"line":105,"column":47}},"38":{"start":{"line":108,"column":17},"end":{"line":108,"column":30}},"39":{"start":{"line":109,"column":19},"end":{"line":109,"column":35}},"40":{"start":{"line":111,"column":25},"end":{"line":114,"column":5}},"41":{"start":{"line":117,"column":4},"end":{"line":129,"column":7}},"42":{"start":{"line":120,"column":8},"end":{"line":120,"column":56}},"43":{"start":{"line":120,"column":17},"end":{"line":120,"column":56}},"44":{"start":{"line":123,"column":8},"end":{"line":123,"column":54}},"45":{"start":{"line":126,"column":8},"end":{"line":126,"column":76}},"46":{"start":{"line":127,"column":8},"end":{"line":127,"column":48}},"47":{"start":{"line":134,"column":0},"end":{"line":154,"column":3}},"48":{"start":{"line":137,"column":4},"end":{"line":137,"column":43}},"49":{"start":{"line":140,"column":4},"end":{"line":152,"column":7}},"50":{"start":{"line":143,"column":8},"end":{"line":143,"column":56}},"51":{"start":{"line":143,"column":17},"end":{"line":143,"column":56}},"52":{"start":{"line":146,"column":8},"end":{"line":146,"column":49}},"53":{"start":{"line":149,"column":8},"end":{"line":149,"column":57}},"54":{"start":{"line":150,"column":8},"end":{"line":150,"column":42}},"55":{"start":{"line":157,"column":0},"end":{"line":180,"column":3}},"56":{"start":{"line":160,"column":4},"end":{"line":160,"column":43}},"57":{"start":{"line":163,"column":17},"end":{"line":163,"column":30}},"58":{"start":{"line":166,"column":4},"end":{"line":178,"column":7}},"59":{"start":{"line":169,"column":8},"end":{"line":169,"column":56}},"60":{"start":{"line":169,"column":17},"end":{"line":169,"column":56}},"61":{"start":{"line":172,"column":8},"end":{"line":172,"column":48}},"62":{"start":{"line":175,"column":8},"end":{"line":175,"column":66}},"63":{"start":{"line":176,"column":8},"end":{"line":176,"column":41}},"64":{"start":{"line":183,"column":0},"end":{"line":205,"column":3}},"65":{"start":{"line":186,"column":4},"end":{"line":186,"column":41}},"66":{"start":{"line":189,"column":17},"end":{"line":189,"column":30}},"67":{"start":{"line":192,"column":4},"end":{"line":203,"column":7}},"68":{"start":{"line":195,"column":8},"end":{"line":195,"column":56}},"69":{"start":{"line":195,"column":17},"end":{"line":195,"column":56}},"70":{"start":{"line":198,"column":8},"end":{"line":198,"column":74}},"71":{"start":{"line":201,"column":8},"end":{"line":201,"column":66}},"72":{"start":{"line":207,"column":0},"end":{"line":207,"column":39}}},"fnMap":{"0":{"name":"(anonymous_0)","decl":{"start":{"line":28,"column":17},"end":{"line":28,"column":18}},"loc":{"start":{"line":28,"column":82},"end":{"line":38,"column":1}},"line":28},"1":{"name":"(anonymous_1)","decl":{"start":{"line":42,"column":32},"end":{"line":42,"column":33}},"loc":{"start":{"line":42,"column":46},"end":{"line":65,"column":1}},"line":42},"2":{"name":"(anonymous_2)","decl":{"start":{"line":51,"column":23},"end":{"line":51,"column":24}},"loc":{"start":{"line":51,"column":41},"end":{"line":63,"column":5}},"line":51},"3":{"name":"(anonymous_3)","decl":{"start":{"line":68,"column":31},"end":{"line":68,"column":32}},"loc":{"start":{"line":68,"column":44},"end":{"line":99,"column":1}},"line":68},"4":{"name":"(anonymous_4)","decl":{"start":{"line":85,"column":45},"end":{"line":85,"column":46}},"loc":{"start":{"line":85,"column":63},"end":{"line":97,"column":5}},"line":85},"5":{"name":"(anonymous_5)","decl":{"start":{"line":102,"column":44},"end":{"line":102,"column":45}},"loc":{"start":{"line":102,"column":57},"end":{"line":131,"column":1}},"line":102},"6":{"name":"(anonymous_6)","decl":{"start":{"line":117,"column":45},"end":{"line":117,"column":46}},"loc":{"start":{"line":117,"column":63},"end":{"line":129,"column":5}},"line":117},"7":{"name":"(anonymous_7)","decl":{"start":{"line":134,"column":25},"end":{"line":134,"column":26}},"loc":{"start":{"line":134,"column":38},"end":{"line":154,"column":1}},"line":134},"8":{"name":"(anonymous_8)","decl":{"start":{"line":140,"column":16},"end":{"line":140,"column":17}},"loc":{"start":{"line":140,"column":35},"end":{"line":152,"column":5}},"line":140},"9":{"name":"(anonymous_9)","decl":{"start":{"line":157,"column":29},"end":{"line":157,"column":30}},"loc":{"start":{"line":157,"column":42},"end":{"line":180,"column":1}},"line":157},"10":{"name":"(anonymous_10)","decl":{"start":{"line":166,"column":27},"end":{"line":166,"column":28}},"loc":{"start":{"line":166,"column":45},"end":{"line":178,"column":5}},"line":166},"11":{"name":"(anonymous_11)","decl":{"start":{"line":183,"column":34},"end":{"line":183,"column":35}},"loc":{"start":{"line":183,"column":47},"end":{"line":205,"column":1}},"line":183},"12":{"name":"(anonymous_12)","decl":{"start":{"line":192,"column":29},"end":{"line":192,"column":30}},"loc":{"start":{"line":192,"column":47},"end":{"line":203,"column":5}},"line":192}},"branchMap":{"0":{"loc":{"start":{"line":54,"column":8},"end":{"line":54,"column":56}},"type":"if","locations":[{"start":{"line":54,"column":8},"end":{"line":54,"column":56}},{"start":{"line":54,"column":8},"end":{"line":54,"column":56}}],"line":54},"1":{"loc":{"start":{"line":88,"column":8},"end":{"line":88,"column":56}},"type":"if","locations":[{"start":{"line":88,"column":8},"end":{"line":88,"column":56}},{"start":{"line":88,"column":8},"end":{"line":88,"column":56}}],"line":88},"2":{"loc":{"start":{"line":120,"column":8},"end":{"line":120,"column":56}},"type":"if","locations":[{"start":{"line":120,"column":8},"end":{"line":120,"column":56}},{"start":{"line":120,"column":8},"end":{"line":120,"column":56}}],"line":120},"3":{"loc":{"start":{"line":143,"column":8},"end":{"line":143,"column":56}},"type":"if","locations":[{"start":{"line":143,"column":8},"end":{"line":143,"column":56}},{"start":{"line":143,"column":8},"end":{"line":143,"column":56}}],"line":143},"4":{"loc":{"start":{"line":169,"column":8},"end":{"line":169,"column":56}},"type":"if","locations":[{"start":{"line":169,"column":8},"end":{"line":169,"column":56}},{"start":{"line":169,"column":8},"end":{"line":169,"column":56}}],"line":169},"5":{"loc":{"start":{"line":195,"column":8},"end":{"line":195,"column":56}},"type":"if","locations":[{"start":{"line":195,"column":8},"end":{"line":195,"column":56}},{"start":{"line":195,"column":8},"end":{"line":195,"column":56}}],"line":195}},"s":{"0":1,"1":1,"2":1,"3":1,"4":1,"5":1,"6":1,"7":1,"8":1,"9":1,"10":1,"11":1,"12":1,"13":1,"14":1,"15":3,"16":3,"17":1,"18":2,"19":2,"20":2,"21":2,"22":0,"23":2,"24":2,"25":2,"26":1,"27":1,"28":1,"29":1,"30":1,"31":1,"32":0,"33":1,"34":1,"35":1,"36":1,"37":1,"38":1,"39":1,"40":1,"41":1,"42":1,"43":0,"44":1,"45":1,"46":1,"47":1,"48":1,"49":1,"50":1,"51":0,"52":1,"53":1,"54":1,"55":1,"56":1,"57":1,"58":1,"59":1,"60":0,"61":1,"62":1,"63":1,"64":1,"65":0,"66":0,"67":0,"68":0,"69":0,"70":0,"71":0,"72":1},"f":{"0":3,"1":2,"2":2,"3":1,"4":1,"5":1,"6":1,"7":1,"8":1,"9":1,"10":1,"11":0,"12":0},"b":{"0":[0,2],"1":[0,1],"2":[0,1],"3":[0,1],"4":[0,1],"5":[0,0]},"_coverageSchema":"1a1c01bbd47fc00a2c39e90264f33305004495a9","hash":"ca8ad3196d16fcf6bfe07153f85bdfbd2460a25b"}
}
