TN:
SF:app.js
FN:28,(anonymous_0)
FN:42,(anonymous_1)
FN:51,(anonymous_2)
FN:68,(anonymous_3)
FN:85,(anonymous_4)
FN:102,(anonymous_5)
FN:117,(anonymous_6)
FN:134,(anonymous_7)
FN:140,(anonymous_8)
FN:157,(anonymous_9)
FN:166,(anonymous_10)
FN:183,(anonymous_11)
FN:192,(anonymous_12)
FNF:13
FNH:11
FNDA:3,(anonymous_0)
FNDA:2,(anonymous_1)
FNDA:2,(anonymous_2)
FNDA:1,(anonymous_3)
FNDA:1,(anonymous_4)
FNDA:1,(anonymous_5)
FNDA:1,(anonymous_6)
FNDA:1,(anonymous_7)
FNDA:1,(anonymous_8)
FNDA:1,(anonymous_9)
FNDA:1,(anonymous_10)
FNDA:0,(anonymous_11)
FNDA:0,(anonymous_12)
DA:2,1
DA:3,1
DA:4,1
DA:5,1
DA:6,1
DA:7,1
DA:8,1
DA:9,1
DA:12,1
DA:13,1
DA:16,1
DA:17,1
DA:20,1
DA:21,1
DA:28,1
DA:30,3
DA:37,3
DA:42,1
DA:45,2
DA:48,2
DA:51,2
DA:54,2
DA:57,2
DA:60,2
DA:61,2
DA:68,1
DA:71,1
DA:74,1
DA:76,1
DA:85,1
DA:88,1
DA:91,1
DA:94,1
DA:95,1
DA:102,1
DA:105,1
DA:108,1
DA:109,1
DA:111,1
DA:117,1
DA:120,1
DA:123,1
DA:126,1
DA:127,1
DA:134,1
DA:137,1
DA:140,1
DA:143,1
DA:146,1
DA:149,1
DA:150,1
DA:157,1
DA:160,1
DA:163,1
DA:166,1
DA:169,1
DA:172,1
DA:175,1
DA:176,1
DA:183,1
DA:186,0
DA:189,0
DA:192,0
DA:195,0
DA:198,0
DA:201,0
DA:207,1
LF:67
LH:61
BRDA:54,0,0,0
BRDA:54,0,1,2
BRDA:88,1,0,0
BRDA:88,1,1,1
BRDA:120,2,0,0
BRDA:120,2,1,1
BRDA:143,3,0,0
BRDA:143,3,1,1
BRDA:169,4,0,0
BRDA:169,4,1,1
BRDA:195,5,0,0
BRDA:195,5,1,0
BRF:12
BRH:5
end_of_record
